2022/01/18 19:05:30 [notice] 1#1: using the "epoll" event method
2022/01/18 19:05:30 [notice] 1#1: nginx/1.21.0
2022/01/18 19:05:30 [notice] 1#1: built by gcc 8.3.0 (Debian 8.3.0-6) 
2022/01/18 19:05:30 [notice] 1#1: OS: Linux 5.10.25-linuxkit
2022/01/18 19:05:30 [notice] 1#1: getrlimit(RLIMIT_NOFILE): 1048576:1048576
2022/01/18 19:05:30 [notice] 1#1: start worker processes
2022/01/18 19:05:30 [notice] 1#1: start worker process 22
2022/01/18 19:05:30 [notice] 1#1: start worker process 23
2022/01/18 19:05:30 [notice] 1#1: start worker process 24
2022/01/18 19:05:30 [notice] 1#1: start worker process 25
2022/01/19 18:43:25 [notice] 1#1: using the "epoll" event method
2022/01/19 18:43:25 [notice] 1#1: nginx/1.21.0
2022/01/19 18:43:25 [notice] 1#1: built by gcc 8.3.0 (Debian 8.3.0-6) 
2022/01/19 18:43:25 [notice] 1#1: OS: Linux 5.10.25-linuxkit
2022/01/19 18:43:25 [notice] 1#1: getrlimit(RLIMIT_NOFILE): 1048576:1048576
2022/01/19 18:43:25 [notice] 1#1: start worker processes
2022/01/19 18:43:25 [notice] 1#1: start worker process 22
2022/01/19 18:43:25 [notice] 1#1: start worker process 23
2022/01/19 18:43:25 [notice] 1#1: start worker process 24
2022/01/19 18:43:25 [notice] 1#1: start worker process 25
